2023-02-08 16:33:34 INFO  CreditCardService:20 - Bhavyashree
2023-02-08 16:37:03 INFO  CreditCardService:28 - Added new credit card details
2023-02-08 18:15:04 INFO  CreditCardService:21 - Default page
2023-02-08 22:42:15 INFO  CreditCardService:25 - Added new credit card details
2023-02-08 22:47:21 INFO  CreditCardService:18 - Default page
2023-02-08 22:49:22 INFO  CreditCardService:25 - Added new credit card details
2023-02-08 22:51:13 INFO  CreditCardService:33 - Get credit card details 1002
2023-02-08 22:51:21 INFO  CreditCardService:33 - Get credit card details 1001
2023-02-08 22:51:34 INFO  CreditCardService:25 - Added new credit card details
2023-02-08 22:51:58 INFO  CreditCardService:25 - Added new credit card details
2023-02-08 22:58:22 INFO  CreditCardService:35 - Getting details of all the Credit cards
2023-02-08 22:59:04 INFO  CreditCardService:43 - Get credit card details 14
2023-02-08 23:09:33 INFO  CreditCardService:49 - Update Credit Card Details
2023-02-09 15:05:30 INFO  CreditCardService:31 - Added new credit card details CreditCard(id=19, accountNumber=1235, customerId=Ac1235, cardNumber=54320, validity=Mar2026, cvv=320, cardHolderName=Akshaya)
2023-02-09 15:34:48 INFO  CreditCardService:40 - Getting details of all the Credit cards
2023-02-09 15:37:15 INFO  CreditCardService:40 - Getting details of all the Credit cards
2023-02-09 15:38:32 INFO  CreditCardService:49 - Get credit card details 14
2023-02-09 15:40:15 INFO  CreditCardService:40 - Getting details of all the Credit cards
2023-02-09 15:46:03 INFO  CreditCardService:49 - Get credit card details 12
2023-02-09 15:47:28 INFO  CreditCardService:40 - Getting details of all the Credit cards
2023-02-14 17:03:16 INFO  CreditCardService:24 - Default page
2023-02-14 17:03:33 INFO  CreditCardService:30 - Added new credit card details CreditCard(id=17, accountNumber=1236, customerId=Ac1236, cardNumber=64320, validity=Feb2026, cvv=320, cardHolderName=Bhavya)
2023-02-14 17:03:42 INFO  CreditCardService:40 - Getting details of all the Credit cards
2023-02-14 17:04:06 INFO  CreditCardService:49 - Get credit card details 16
2023-02-14 17:04:16 INFO  CreditCardService:30 - Added new credit card details CreditCard(id=16, accountNumber=1236, customerId=Ac1236, cardNumber=64320, validity=Feb2026, cvv=320, cardHolderName=Bhavya)
2023-02-14 17:04:29 INFO  CreditCardService:40 - Getting details of all the Credit cards
2023-02-14 18:14:21 INFO  CreditCardService:67 - Account deleted 14
2023-02-14 18:14:34 INFO  CreditCardService:40 - Getting details of all the Credit cards
2023-02-14 18:14:51 INFO  CreditCardService:67 - Account deleted 16
2023-02-14 18:14:57 INFO  CreditCardService:40 - Getting details of all the Credit cards
2023-02-14 18:15:12 INFO  CreditCardService:67 - Account deleted 15
2023-02-14 18:15:41 INFO  CreditCardService:67 - Account deleted 13
2023-02-14 18:15:46 INFO  CreditCardService:67 - Account deleted 12
2023-02-14 18:15:53 INFO  CreditCardService:67 - Account deleted 11
2023-02-14 18:15:57 INFO  CreditCardService:67 - Account deleted 10
2023-02-14 18:16:03 INFO  CreditCardService:67 - Account deleted 19
2023-02-14 18:16:08 INFO  CreditCardService:67 - Account deleted 9
2023-02-14 18:16:13 INFO  CreditCardService:67 - Account deleted 8
2023-02-14 18:16:18 INFO  CreditCardService:67 - Account deleted 7
2023-02-14 18:16:23 INFO  CreditCardService:67 - Account deleted 6
2023-02-14 18:16:27 INFO  CreditCardService:67 - Account deleted 5
2023-02-14 18:16:33 INFO  CreditCardService:40 - Getting details of all the Credit cards
2023-02-14 18:18:02 INFO  CreditCardService:67 - Account deleted 4
2023-02-16 11:12:01 INFO  CreditCardService:38 - Default page
2023-02-16 11:39:29 WARN  CreditCardService:156 - File not found
2023-02-16 11:40:39 INFO  CreditCardService:37 - Default page
2023-02-16 11:43:36 INFO  CreditCardService:53 - Getting details of all the Credit cards
2023-02-20 15:23:02 INFO  CreditCardService:26 - Default page
